<?xml version="1.0" encoding="UTF-8"?>
<!-- Generated by org.testng.reporters.JUnitReportReporter -->
<testsuite hostname="DESKTOP-BQQUF5O" failures="0" tests="1" name="Test.PinPageTest" time="104.893" errors="0" timestamp="2022-06-09T20:23:22 IST" skipped="0">
  <testcase classname="Test.PinPageTest" name="loginToZerodhaWithPinTest" time="104.893"/>
  <system-out/>
</testsuite> <!-- Test.PinPageTest -->
