<?xml version="1.0" encoding="UTF-8"?>
<!-- Generated by org.testng.reporters.JUnitReportReporter -->
<testsuite hostname="DESKTOP-BQQUF5O" failures="0" tests="3" name="Test.LoginPageTest1" time="198.478" errors="0" timestamp="2022-06-08T14:03:05 IST" skipped="0">
  <testcase classname="Test.LoginPageTest1" name="loginWithValidCredentialsTest" time="105.007"/>
  <system-out/>
  <testcase classname="Test.LoginPageTest1" name="forgotPasswordLinkTest" time="42.337"/>
  <system-out/>
  <testcase classname="Test.LoginPageTest1" name="signupLinkTest" time="51.134"/>
  <system-out/>
</testsuite> <!-- Test.LoginPageTest1 -->
